#
# There is insufficient memory for the Java Runtime Environment to continue.
# Native memory allocation (mmap) failed to map 134217728 bytes for G1 virtual space
# Possible reasons:
#   The system is out of physical RAM or swap space
#   The process is running with CompressedOops enabled, and the Java Heap may be blocking the growth of the native heap
# Possible solutions:
#   Reduce memory load on the system
#   Increase physical memory or swap space
#   Check if swap backing store is full
#   Decrease Java heap size (-Xmx/-Xms)
#   Decrease number of Java threads
#   Decrease Java thread stack sizes (-Xss)
#   Set larger code cache with -XX:ReservedCodeCacheSize=
#   JVM is running with Unscaled Compressed Oops mode in which the Java heap is
#     placed in the first 4GB address space. The Java Heap base address is the
#     maximum limit for the native heap growth. Please use -XX:HeapBaseMinAddress
#     to set the Java Heap base and to place the Java Heap above 4GB virtual address.
# This output file may be truncated or incomplete.
#
#  Out of Memory Error (os_windows.cpp:3771), pid=11928, tid=8888
#
# JRE version:  (17.0.7+10) (build )
# Java VM: OpenJDK 64-Bit Server VM (17.0.7+10-b829.16, mixed mode, sharing, tiered, compressed oops, compressed class ptrs, g1 gc, windows-amd64)
# No core dump will be written. Minidumps are not enabled by default on client versions of Windows
#

---------------  S U M M A R Y ------------

Command Line: git4idea.http.GitAskPassApp Username for 'https://github.com': 

Host: Intel(R) Core(TM) i5-3230M CPU @ 2.60GHz, 4 cores, 7G,  Windows 10 , 64 bit Build 19041 (10.0.19041.662)
Time: Thu Oct 26 16:03:51 2023 Hora oficial do Brasil elapsed time: 0.091897 seconds (0d 0h 0m 0s)

---------------  T H R E A D  ---------------

Current thread (0x00000257041ce000):  JavaThread "Unknown thread" [_thread_in_vm, id=8888, stack(0x0000008cfd300000,0x0000008cfd400000)]

Stack: [0x0000008cfd300000,0x0000008cfd400000]
Native frames: (J=compiled Java code, j=interpreted, Vv=VM code, C=native code)
V  [jvm.dll+0x683cca]
V  [jvm.dll+0x8424b4]
V  [jvm.dll+0x843cae]
V  [jvm.dll+0x844313]
V  [jvm.dll+0x24ad2f]
V  [jvm.dll+0x680b99]
V  [jvm.dll+0x67526a]
V  [jvm.dll+0x30b3cb]
V  [jvm.dll+0x312876]
V  [jvm.dll+0x36221e]
V  [jvm.dll+0x36244f]
V  [jvm.dll+0x2e14a8]
V  [jvm.dll+0x2e2414]
V  [jvm.dll+0x814441]
V  [jvm.dll+0x36ffe1]
V  [jvm.dll+0x7f3a1c]
V  [jvm.dll+0x3f305f]
V  [jvm.dll+0x3f4b91]
C  [jli.dll+0x528f]
C  [ucrtbase.dll+0x214c2]
C  [KERNEL32.DLL+0x17034]
C  [ntdll.dll+0x4d0d1]


---------------  P R O C E S S  ---------------

Threads class SMR info:
_java_thread_list=0x00007ffc26d7b098, length=0, elements={
}

Java Threads: ( => current thread )

Other Threads:
  0x00000257063a9c30 GCTaskThread "GC Thread#0" [stack: 0x0000008cfd400000,0x0000008cfd500000] [id=10384]
  0x00000257063ba8c0 ConcurrentGCThread "G1 Main Marker" [stack: 0x0000008cfd500000,0x0000008cfd600000] [id=11792]
  0x00000257063bba70 ConcurrentGCThread "G1 Conc#0" [stack: 0x0000008cfd600000,0x0000008cfd700000] [id=11624]

[error occurred during error reporting (printing all threads), id 0xc0000005, EXCEPTION_ACCESS_VIOLATION (0xc0000005) at pc=0x00007ffc26532087]

VM state: not at safepoint (not fully initialized)

VM Mutex/Monitor currently owned by a thread:  ([mutex/lock_event])
[0x000002570634d290] Heap_lock - owner thread: 0x00000257041ce000

Heap address: 0x0000000081c00000, size: 2020 MB, Compressed Oops mode: 32-bit

CDS archive(s) mapped at: [0x0000000000000000-0x0000000000000000-0x0000000000000000), size 0, SharedBaseAddress: 0x0000000800000000, ArchiveRelocationMode: 0.
Narrow klass base: 0x0000000000000000, Narrow klass shift: 0, Narrow klass range: 0x0

GC Precious Log:
<Empty>

Heap:
 garbage-first heap   total 0K, used 0K [0x0000000081c00000, 0x0000000100000000)
  region size 1024K, 0 young (0K), 0 survivors (0K)

[error occurred during error reporting (printing heap information), id 0xc0000005, EXCEPTION_ACCESS_VIOLATION (0xc0000005) at pc=0x00007ffc2691df59]

GC Heap History (0 events):
No events

Dll operation events (1 events):
Event: 0.015 Loaded shared library C:\Program Files\JetBrains\IntelliJ IDEA Community Edition 2023.1.3\jbr\bin\java.dll

Deoptimization events (0 events):
No events

Classes unloaded (0 events):
No events

Classes redefined (0 events):
No events

Internal exceptions (0 events):
No events

VM Operations (0 events):
No events

Events (0 events):
No events


Dynamic libraries:
0x00007ff6ca3f0000 - 0x00007ff6ca3fa000 	C:\Program Files\JetBrains\IntelliJ IDEA Community Edition 2023.1.3\jbr\bin\java.exe
0x00007ffc72f90000 - 0x00007ffc73186000 	C:\Windows\SYSTEM32\ntdll.dll
0x00007ffc489f0000 - 0x00007ffc48a09000 	C:\Program Files\Avast Software\Avast\aswhook.dll
0x00007ffc71f50000 - 0x00007ffc7200d000 	C:\Windows\System32\KERNEL32.DLL
0x00007ffc708d0000 - 0x00007ffc70b99000 	C:\Windows\System32\KERNELBASE.dll
0x00007ffc707a0000 - 0x00007ffc708a0000 	C:\Windows\System32\ucrtbase.dll
0x00007ffc3a4b0000 - 0x00007ffc3a4c7000 	C:\Program Files\JetBrains\IntelliJ IDEA Community Edition 2023.1.3\jbr\bin\jli.dll
0x00007ffc5ede0000 - 0x00007ffc5edfb000 	C:\Program Files\JetBrains\IntelliJ IDEA Community Edition 2023.1.3\jbr\bin\VCRUNTIME140.dll
0x00007ffc72010000 - 0x00007ffc721b0000 	C:\Windows\System32\USER32.dll
0x00007ffc708a0000 - 0x00007ffc708c2000 	C:\Windows\System32\win32u.dll
0x00007ffc5b7e0000 - 0x00007ffc5ba7b000 	C:\Windows\WinSxS\amd64_microsoft.windows.common-controls_6595b64144ccf1df_6.0.19041.488_none_ca04af081b815d21\COMCTL32.dll
0x00007ffc71f20000 - 0x00007ffc71f4a000 	C:\Windows\System32\GDI32.dll
0x00007ffc71030000 - 0x00007ffc710ce000 	C:\Windows\System32\msvcrt.dll
0x00007ffc70d80000 - 0x00007ffc70e89000 	C:\Windows\System32\gdi32full.dll
0x00007ffc70f90000 - 0x00007ffc7102d000 	C:\Windows\System32\msvcp_win.dll
0x00007ffc72f60000 - 0x00007ffc72f90000 	C:\Windows\System32\IMM32.DLL
0x00007ffc69b20000 - 0x00007ffc69b2c000 	C:\Program Files\JetBrains\IntelliJ IDEA Community Edition 2023.1.3\jbr\bin\vcruntime140_1.dll
0x00007ffc4fb00000 - 0x00007ffc4fb8d000 	C:\Program Files\JetBrains\IntelliJ IDEA Community Edition 2023.1.3\jbr\bin\msvcp140.dll
0x00007ffc26240000 - 0x00007ffc26eae000 	C:\Program Files\JetBrains\IntelliJ IDEA Community Edition 2023.1.3\jbr\bin\server\jvm.dll
0x00007ffc71d70000 - 0x00007ffc71e1c000 	C:\Windows\System32\ADVAPI32.dll
0x00007ffc71720000 - 0x00007ffc717bc000 	C:\Windows\System32\sechost.dll
0x00007ffc71280000 - 0x00007ffc713ab000 	C:\Windows\System32\RPCRT4.dll
0x00007ffc6a770000 - 0x00007ffc6a77a000 	C:\Windows\SYSTEM32\VERSION.dll
0x00007ffc51e40000 - 0x00007ffc51e67000 	C:\Windows\SYSTEM32\WINMM.dll
0x00007ffc64e50000 - 0x00007ffc64e59000 	C:\Windows\SYSTEM32\WSOCK32.dll
0x00007ffc71eb0000 - 0x00007ffc71f1b000 	C:\Windows\System32\WS2_32.dll
0x00007ffc6e660000 - 0x00007ffc6e672000 	C:\Windows\SYSTEM32\kernel.appcore.dll
0x00007ffc4ed70000 - 0x00007ffc4ed7a000 	C:\Program Files\JetBrains\IntelliJ IDEA Community Edition 2023.1.3\jbr\bin\jimage.dll
0x00007ffc6a3c0000 - 0x00007ffc6a5a4000 	C:\Windows\SYSTEM32\DBGHELP.DLL
0x00007ffc6a070000 - 0x00007ffc6a09c000 	C:\Windows\SYSTEM32\dbgcore.DLL
0x00007ffc70d00000 - 0x00007ffc70d80000 	C:\Windows\System32\bcryptPrimitives.dll
0x00007ffc47ad0000 - 0x00007ffc47af5000 	C:\Program Files\JetBrains\IntelliJ IDEA Community Edition 2023.1.3\jbr\bin\java.dll

dbghelp: loaded successfully - version: 4.0.5 - missing functions: none
symbol engine: initialized successfully - sym options: 0x614 - pdb path: .;C:\Program Files\JetBrains\IntelliJ IDEA Community Edition 2023.1.3\jbr\bin;C:\Windows\SYSTEM32;C:\Program Files\Avast Software\Avast;C:\Windows\WinSxS\amd64_microsoft.windows.common-controls_6595b64144ccf1df_6.0.19041.488_none_ca04af081b815d21;C:\Program Files\JetBrains\IntelliJ IDEA Community Edition 2023.1.3\jbr\bin\server

VM Arguments:
java_command: git4idea.http.GitAskPassApp Username for 'https://github.com': 
java_class_path (initial): C:/Program Files/JetBrains/IntelliJ IDEA Community Edition 2023.1.3/plugins/vcs-git/lib/git4idea-rt.jar;C:/Program Files/JetBrains/IntelliJ IDEA Community Edition 2023.1.3/lib/externalProcess-rt.jar
Launcher Type: SUN_STANDARD

[Global flags]
     intx CICompilerCount                          = 3                                         {product} {ergonomic}
     uint ConcGCThreads                            = 1                                         {product} {ergonomic}
     uint G1ConcRefinementThreads                  = 4                                         {product} {ergonomic}
   size_t G1HeapRegionSize                         = 1048576                                   {product} {ergonomic}
    uintx GCDrainStackTargetSize                   = 64                                        {product} {ergonomic}
   size_t InitialHeapSize                          = 134217728                                 {product} {ergonomic}
   size_t MarkStackSize                            = 4194304                                   {product} {ergonomic}
   size_t MaxHeapSize                              = 2118123520                                {product} {ergonomic}
   size_t MinHeapDeltaBytes                        = 1048576                                   {product} {ergonomic}
   size_t MinHeapSize                              = 8388608                                   {product} {ergonomic}
    uintx NonNMethodCodeHeapSize                   = 5832780                                {pd product} {ergonomic}
    uintx NonProfiledCodeHeapSize                  = 122912730                              {pd product} {ergonomic}
    uintx ProfiledCodeHeapSize                     = 122912730                              {pd product} {ergonomic}
    uintx ReservedCodeCacheSize                    = 251658240                              {pd product} {ergonomic}
     bool SegmentedCodeCache                       = true                                      {product} {ergonomic}
   size_t SoftMaxHeapSize                          = 2118123520                             {manageable} {ergonomic}
     bool UseCompressedClassPointers               = true                           {product lp64_product} {ergonomic}
     bool UseCompressedOops                        = true                           {product lp64_product} {ergonomic}
     bool UseG1GC                                  = true                                      {product} {ergonomic}
     bool UseLargePagesIndividualAllocation        = false                                  {pd product} {ergonomic}

Logging:
Log output configuration:
 #0: stdout all=warning uptime,level,tags
 #1: stderr all=off uptime,level,tags

Environment Variables:
JAVA_HOME=C:\Program Files\Java\jdk-18.0.2.1
PATH=C:/Program Files/Git/mingw64/libexec/git-core;C:/Program Files/Git/mingw64/libexec/git-core;C:\Program Files\Git\mingw64\bin;C:\Program Files\Git\usr\bin;C:\Users\SonyVaio\bin;C:\Program Files\Common Files\Oracle\Java\javapath;C:\Windows\system32;C:\Windows;C:\Windows\System32\Wbem;C:\Windows\System32\WindowsPowerShell\v1.0\;C:\Program Files\dotnet\;C:\Program Files\Java\jdk-18.0.2.1\bin;C:\Program Files\Git\cmd;C:\Users\SonyVaio\AppData\Local\Microsoft\WindowsApps;C:\Users\SonyVaio\AppData\Local\Programs\Microsoft VS Code\bin;C:\Users\SonyVaio\AppData\Local\GitHubDesktop\bin
USERNAME=SonyVaio
DISPLAY=:0.0
LC_ALL=en_US.UTF-8
TERM=xterm-256color
TMPDIR=C:\Users\SonyVaio\AppData\Local\Temp
OS=Windows_NT
PROCESSOR_IDENTIFIER=Intel64 Family 6 Model 58 Stepping 9, GenuineIntel
TMP=C:\Users\SonyVaio\AppData\Local\Temp
TEMP=C:\Users\SonyVaio\AppData\Local\Temp


JNI global refs:

[error occurred during error reporting (JNI global references), id 0xc0000005, EXCEPTION_ACCESS_VIOLATION (0xc0000005) at pc=0x00007ffc262f7fc0]


---------------  S Y S T E M  ---------------

OS:
 Windows 10 , 64 bit Build 19041 (10.0.19041.662)
OS uptime: 1 days 5:59 hours

CPU: total 4 (initial active 4) (2 cores per cpu, 2 threads per core) family 6 model 58 stepping 9 microcode 0x21, cx8, cmov, fxsr, ht, mmx, sse, sse2, sse3, ssse3, sse4.1, sse4.2, popcnt, tsc, tscinvbit, avx, aes, erms, clmul, vzeroupper, clflush

Memory: 4k page, system-wide physical 8074M (1209M free)
TotalPageFile size 8074M (AvailPageFile size 128M)
current process WorkingSet (physical memory assigned to process): 10M, peak: 10M
current process commit charge ("private bytes"): 51M, peak: 179M

vm_info: OpenJDK 64-Bit Server VM (17.0.7+10-b829.16) for windows-amd64 JRE (17.0.7+10-b829.16), built on 2023-06-02 by "builduser" with MS VC++ 16.10 / 16.11 (VS2019)

END.
