#
# There is insufficient memory for the Java Runtime Environment to continue.
# Native memory allocation (mmap) failed to map 65536 bytes for Failed to commit metaspace.
# Possible reasons:
#   The system is out of physical RAM or swap space
#   The process is running with CompressedOops enabled, and the Java Heap may be blocking the growth of the native heap
# Possible solutions:
#   Reduce memory load on the system
#   Increase physical memory or swap space
#   Check if swap backing store is full
#   Decrease Java heap size (-Xmx/-Xms)
#   Decrease number of Java threads
#   Decrease Java thread stack sizes (-Xss)
#   Set larger code cache with -XX:ReservedCodeCacheSize=
#   JVM is running with Unscaled Compressed Oops mode in which the Java heap is
#     placed in the first 4GB address space. The Java Heap base address is the
#     maximum limit for the native heap growth. Please use -XX:HeapBaseMinAddress
#     to set the Java Heap base and to place the Java Heap above 4GB virtual address.
# This output file may be truncated or incomplete.
#
#  Out of Memory Error (virtualSpaceNode.cpp:110), pid=8452, tid=8964
#
# JRE version: OpenJDK Runtime Environment JBR-17.0.7+10-829.16-jcef (17.0.7+10) (build 17.0.7+10-b829.16)
# Java VM: OpenJDK 64-Bit Server VM JBR-17.0.7+10-829.16-jcef (17.0.7+10-b829.16, mixed mode, tiered, compressed oops, compressed class ptrs, g1 gc, windows-amd64)
# No core dump will be written. Minidumps are not enabled by default on client versions of Windows
#

---------------  S U M M A R Y ------------

Command Line: git4idea.http.GitAskPassApp Username for 'https://github.com': 

Host: Intel(R) Core(TM) i5-3230M CPU @ 2.60GHz, 4 cores, 7G,  Windows 10 , 64 bit Build 19041 (10.0.19041.662)
Time: Tue Oct  3 18:12:48 2023 Hora oficial do Brasil elapsed time: 4.341764 seconds (0d 0h 0m 4s)

---------------  T H R E A D  ---------------

Current thread (0x0000023fea958ea0):  JavaThread "HttpClient-1-Worker-0" daemon [_thread_in_vm, id=8964, stack(0x000000d80a100000,0x000000d80a200000)]

Stack: [0x000000d80a100000,0x000000d80a200000]
Native frames: (J=compiled Java code, j=interpreted, Vv=VM code, C=native code)
V  [jvm.dll+0x683cca]
V  [jvm.dll+0x8424b4]
V  [jvm.dll+0x843cae]
V  [jvm.dll+0x844313]
V  [jvm.dll+0x24ad2f]
V  [jvm.dll+0x83e50b]
V  [jvm.dll+0x628316]
V  [jvm.dll+0x1c29ee]
V  [jvm.dll+0x62ac61]
V  [jvm.dll+0x628cb6]
V  [jvm.dll+0x23ec1f]
V  [jvm.dll+0x632b45]
V  [jvm.dll+0x1eea7b]
V  [jvm.dll+0x1eefb5]
V  [jvm.dll+0x1ef8d4]
V  [jvm.dll+0x1e4e1c]
V  [jvm.dll+0x54a30d]
V  [jvm.dll+0x7bd825]
V  [jvm.dll+0x7bd93e]
V  [jvm.dll+0x4139ea]
V  [jvm.dll+0x419b69]
C  [java.dll+0x17ec]

Java frames: (J=compiled Java code, j=interpreted, Vv=VM code)
j  java.lang.ClassLoader.defineClass1(Ljava/lang/ClassLoader;Ljava/lang/String;[BIILjava/security/ProtectionDomain;Ljava/lang/String;)Ljava/lang/Class;+0 java.base@17.0.7
j  java.lang.ClassLoader.defineClass(Ljava/lang/String;[BIILjava/security/ProtectionDomain;)Ljava/lang/Class;+27 java.base@17.0.7
j  java.lang.ClassLoader.defineClass(Ljava/lang/String;Ljava/nio/ByteBuffer;Ljava/security/ProtectionDomain;)Ljava/lang/Class;+38 java.base@17.0.7
j  java.security.SecureClassLoader.defineClass(Ljava/lang/String;Ljava/nio/ByteBuffer;Ljava/security/CodeSource;)Ljava/lang/Class;+8 java.base@17.0.7
j  jdk.internal.loader.BuiltinClassLoader.defineClass(Ljava/lang/String;Ljdk/internal/loader/BuiltinClassLoader$LoadedModule;)Ljava/lang/Class;+127 java.base@17.0.7
J 639 c1 jdk.internal.loader.BuiltinClassLoader.loadClassOrNull(Ljava/lang/String;Z)Ljava/lang/Class; java.base@17.0.7 (143 bytes) @ 0x0000023fd3b8c82c [0x0000023fd3b8c240+0x00000000000005ec]
J 641 c1 jdk.internal.loader.BuiltinClassLoader.loadClass(Ljava/lang/String;Z)Ljava/lang/Class; java.base@17.0.7 (22 bytes) @ 0x0000023fd3b8e644 [0x0000023fd3b8e540+0x0000000000000104]
J 640 c1 java.lang.ClassLoader.loadClass(Ljava/lang/String;)Ljava/lang/Class; java.base@17.0.7 (7 bytes) @ 0x0000023fd3b8e23c [0x0000023fd3b8e140+0x00000000000000fc]
v  ~StubRoutines::call_stub
j  sun.security.ec.ECDSASignature.engineVerify([B)Z+33 jdk.crypto.ec@17.0.7
j  java.security.Signature$Delegate.engineVerify([B)Z+9 java.base@17.0.7
j  java.security.Signature.verify([B)Z+10 java.base@17.0.7
j  sun.security.ssl.CertificateVerify$T13CertificateVerifyMessage.<init>(Lsun/security/ssl/HandshakeContext;Ljava/nio/ByteBuffer;)V+340 java.base@17.0.7
j  sun.security.ssl.CertificateVerify$T13CertificateVerifyConsumer.consume(Lsun/security/ssl/ConnectionContext;Ljava/nio/ByteBuffer;)V+28 java.base@17.0.7
j  sun.security.ssl.SSLHandshake.consume(Lsun/security/ssl/ConnectionContext;Ljava/nio/ByteBuffer;)V+13 java.base@17.0.7
j  sun.security.ssl.HandshakeContext.dispatch(BLjava/nio/ByteBuffer;)V+73 java.base@17.0.7
j  sun.security.ssl.SSLEngineImpl$DelegatedTask$DelegatedAction.run()Ljava/lang/Void;+60 java.base@17.0.7
j  sun.security.ssl.SSLEngineImpl$DelegatedTask$DelegatedAction.run()Ljava/lang/Object;+1 java.base@17.0.7
j  java.security.AccessController.executePrivileged(Ljava/security/PrivilegedExceptionAction;Ljava/security/AccessControlContext;Ljava/lang/Class;)Ljava/lang/Object;+29 java.base@17.0.7
j  java.security.AccessController.doPrivileged(Ljava/security/PrivilegedExceptionAction;Ljava/security/AccessControlContext;)Ljava/lang/Object;+13 java.base@17.0.7
j  sun.security.ssl.SSLEngineImpl$DelegatedTask.run()V+66 java.base@17.0.7
j  jdk.internal.net.http.common.SSLFlowDelegate$$Lambda$146+0x00000001001c27d0.accept(Ljava/lang/Object;)V+4 java.net.http@17.0.7
j  java.util.ArrayList.forEach(Ljava/util/function/Consumer;)V+46 java.base@17.0.7
j  jdk.internal.net.http.common.SSLFlowDelegate.lambda$executeTasks$3(Ljava/util/List;)V+43 java.net.http@17.0.7
j  jdk.internal.net.http.common.SSLFlowDelegate$$Lambda$145+0x00000001001c2588.run()V+8 java.net.http@17.0.7
j  jdk.internal.net.http.HttpClientImpl$DelegatingExecutor.execute(Ljava/lang/Runnable;)V+26 java.net.http@17.0.7
j  jdk.internal.net.http.common.SSLFlowDelegate.executeTasks(Ljava/util/List;)V+11 java.net.http@17.0.7
j  jdk.internal.net.http.common.SSLFlowDelegate.doHandshake(Ljdk/internal/net/http/common/SSLFlowDelegate$EngineResult;I)Z+154 java.net.http@17.0.7
j  jdk.internal.net.http.common.SSLFlowDelegate$Reader.processData()V+572 java.net.http@17.0.7
j  jdk.internal.net.http.common.SSLFlowDelegate$Reader$ReaderDownstreamPusher.run()V+4 java.net.http@17.0.7
j  jdk.internal.net.http.common.SequentialScheduler$LockingRestartableTask.run()V+34 java.net.http@17.0.7
j  jdk.internal.net.http.common.SequentialScheduler$CompleteRestartableTask.run(Ljdk/internal/net/http/common/SequentialScheduler$DeferredCompleter;)V+1 java.net.http@17.0.7
j  jdk.internal.net.http.common.SequentialScheduler$TryEndDeferredCompleter.complete()V+162 java.net.http@17.0.7
j  jdk.internal.net.http.common.SequentialScheduler$CompleteRestartableTask.run(Ljdk/internal/net/http/common/SequentialScheduler$DeferredCompleter;)V+5 java.net.http@17.0.7
j  jdk.internal.net.http.common.SequentialScheduler$SchedulableTask.run()V+14 java.net.http@17.0.7
j  java.util.concurrent.ThreadPoolExecutor.runWorker(Ljava/util/concurrent/ThreadPoolExecutor$Worker;)V+92 java.base@17.0.7
j  java.util.concurrent.ThreadPoolExecutor$Worker.run()V+5 java.base@17.0.7
j  java.lang.Thread.run()V+11 java.base@17.0.7
v  ~StubRoutines::call_stub

---------------  P R O C E S S  ---------------

Threads class SMR info:
_java_thread_list=0x0000023fea99dc50, length=15, elements={
0x0000023fce9ae000, 0x0000023fea2332f0, 0x0000023fea2343e0, 0x0000023fea263180,
0x0000023fea3a4000, 0x0000023fea3a48c0, 0x0000023fea3a8680, 0x0000023fea3a9270,
0x0000023fea3a9d10, 0x0000023fea26bfa0, 0x0000023fea514b70, 0x0000023fea517870,
0x0000023fea83ebe0, 0x0000023fea958ea0, 0x0000023fea998540
}

Java Threads: ( => current thread )
  0x0000023fce9ae000 JavaThread "main" [_thread_blocked, id=9252, stack(0x000000d808c00000,0x000000d808d00000)]
  0x0000023fea2332f0 JavaThread "Reference Handler" daemon [_thread_blocked, id=11204, stack(0x000000d809300000,0x000000d809400000)]
  0x0000023fea2343e0 JavaThread "Finalizer" daemon [_thread_blocked, id=9844, stack(0x000000d809400000,0x000000d809500000)]
  0x0000023fea263180 JavaThread "Signal Dispatcher" daemon [_thread_blocked, id=8672, stack(0x000000d809500000,0x000000d809600000)]
  0x0000023fea3a4000 JavaThread "Attach Listener" daemon [_thread_blocked, id=7340, stack(0x000000d809600000,0x000000d809700000)]
  0x0000023fea3a48c0 JavaThread "Service Thread" daemon [_thread_blocked, id=7100, stack(0x000000d809700000,0x000000d809800000)]
  0x0000023fea3a8680 JavaThread "Monitor Deflation Thread" daemon [_thread_blocked, id=6276, stack(0x000000d809800000,0x000000d809900000)]
  0x0000023fea3a9270 JavaThread "C2 CompilerThread0" daemon [_thread_blocked, id=10152, stack(0x000000d809900000,0x000000d809a00000)]
  0x0000023fea3a9d10 JavaThread "C1 CompilerThread0" daemon [_thread_blocked, id=9308, stack(0x000000d809a00000,0x000000d809b00000)]
  0x0000023fea26bfa0 JavaThread "Sweeper thread" daemon [_thread_blocked, id=10404, stack(0x000000d809b00000,0x000000d809c00000)]
  0x0000023fea514b70 JavaThread "Notification Thread" daemon [_thread_blocked, id=7888, stack(0x000000d809c00000,0x000000d809d00000)]
  0x0000023fea517870 JavaThread "Common-Cleaner" daemon [_thread_blocked, id=10384, stack(0x000000d809e00000,0x000000d809f00000)]
  0x0000023fea83ebe0 JavaThread "HttpClient-1-SelectorManager" daemon [_thread_in_native, id=7048, stack(0x000000d809f00000,0x000000d80a000000)]
=>0x0000023fea958ea0 JavaThread "HttpClient-1-Worker-0" daemon [_thread_in_vm, id=8964, stack(0x000000d80a100000,0x000000d80a200000)]
  0x0000023fea998540 JavaThread "HttpClient-1-Worker-1" daemon [_thread_blocked, id=2408, stack(0x000000d80a200000,0x000000d80a300000)]

Other Threads:
  0x0000023fea230e70 VMThread "VM Thread" [stack: 0x000000d809200000,0x000000d809300000] [id=8704]
  0x0000023fceb94e90 WatcherThread [stack: 0x000000d809d00000,0x000000d809e00000] [id=8784]
  0x0000023fceb79e70 GCTaskThread "GC Thread#0" [stack: 0x000000d808d00000,0x000000d808e00000] [id=7216]
  0x0000023fceb8aa30 ConcurrentGCThread "G1 Main Marker" [stack: 0x000000d808e00000,0x000000d808f00000] [id=7268]
  0x0000023fceb8bcb0 ConcurrentGCThread "G1 Conc#0" [stack: 0x000000d808f00000,0x000000d809000000] [id=10732]
  0x0000023fcebe6a90 ConcurrentGCThread "G1 Refine#0" [stack: 0x000000d809000000,0x000000d809100000] [id=3392]
  0x0000023fea0905f0 ConcurrentGCThread "G1 Service" [stack: 0x000000d809100000,0x000000d809200000] [id=6556]

Threads with active compile tasks:

VM state: not at safepoint (normal execution)

VM Mutex/Monitor currently owned by a thread:  ([mutex/lock_event])
[0x0000023fceb1d4f0] Metaspace_lock - owner thread: 0x0000023fea958ea0

Heap address: 0x0000000081c00000, size: 2020 MB, Compressed Oops mode: 32-bit

CDS archive(s) not mapped
Compressed class space mapped at: 0x0000000100000000-0x0000000140000000, reserved size: 1073741824
Narrow klass base: 0x0000000000000000, Narrow klass shift: 3, Narrow klass range: 0x140000000

GC Precious Log:
 CPUs: 4 total, 4 available
 Memory: 8074M
 Large Page Support: Disabled
 NUMA Support: Disabled
 Compressed Oops: Enabled (32-bit)
 Heap Region Size: 1M
 Heap Min Capacity: 8M
 Heap Initial Capacity: 128M
 Heap Max Capacity: 2020M
 Pre-touch: Disabled
 Parallel Workers: 4
 Concurrent Workers: 1
 Concurrent Refinement Workers: 4
 Periodic GC: Disabled

Heap:
 garbage-first heap   total 131072K, used 10240K [0x0000000081c00000, 0x0000000100000000)
  region size 1024K, 12 young (12288K), 0 survivors (0K)
 Metaspace       used 16098K, committed 16256K, reserved 1114112K
  class space    used 1686K, committed 1792K, reserved 1048576K

Heap Regions: E=young(eden), S=young(survivor), O=old, HS=humongous(starts), HC=humongous(continues), CS=collection set, F=free, OA=open archive, CA=closed archive, TAMS=top-at-mark-start (previous, next)
|   0|0x0000000081c00000, 0x0000000081c00000, 0x0000000081d00000|  0%| F|  |TAMS 0x0000000081c00000, 0x0000000081c00000| Untracked 
|   1|0x0000000081d00000, 0x0000000081d00000, 0x0000000081e00000|  0%| F|  |TAMS 0x0000000081d00000, 0x0000000081d00000| Untracked 
|   2|0x0000000081e00000, 0x0000000081e00000, 0x0000000081f00000|  0%| F|  |TAMS 0x0000000081e00000, 0x0000000081e00000| Untracked 
|   3|0x0000000081f00000, 0x0000000081f00000, 0x0000000082000000|  0%| F|  |TAMS 0x0000000081f00000, 0x0000000081f00000| Untracked 
|   4|0x0000000082000000, 0x0000000082000000, 0x0000000082100000|  0%| F|  |TAMS 0x0000000082000000, 0x0000000082000000| Untracked 
|   5|0x0000000082100000, 0x0000000082100000, 0x0000000082200000|  0%| F|  |TAMS 0x0000000082100000, 0x0000000082100000| Untracked 
|   6|0x0000000082200000, 0x0000000082200000, 0x0000000082300000|  0%| F|  |TAMS 0x0000000082200000, 0x0000000082200000| Untracked 
|   7|0x0000000082300000, 0x0000000082300000, 0x0000000082400000|  0%| F|  |TAMS 0x0000000082300000, 0x0000000082300000| Untracked 
|   8|0x0000000082400000, 0x0000000082400000, 0x0000000082500000|  0%| F|  |TAMS 0x0000000082400000, 0x0000000082400000| Untracked 
|   9|0x0000000082500000, 0x0000000082500000, 0x0000000082600000|  0%| F|  |TAMS 0x0000000082500000, 0x0000000082500000| Untracked 
|  10|0x0000000082600000, 0x0000000082600000, 0x0000000082700000|  0%| F|  |TAMS 0x0000000082600000, 0x0000000082600000| Untracked 
|  11|0x0000000082700000, 0x0000000082700000, 0x0000000082800000|  0%| F|  |TAMS 0x0000000082700000, 0x0000000082700000| Untracked 
|  12|0x0000000082800000, 0x0000000082800000, 0x0000000082900000|  0%| F|  |TAMS 0x0000000082800000, 0x0000000082800000| Untracked 
|  13|0x0000000082900000, 0x0000000082900000, 0x0000000082a00000|  0%| F|  |TAMS 0x0000000082900000, 0x0000000082900000| Untracked 
|  14|0x0000000082a00000, 0x0000000082a00000, 0x0000000082b00000|  0%| F|  |TAMS 0x0000000082a00000, 0x0000000082a00000| Untracked 
|  15|0x0000000082b00000, 0x0000000082b00000, 0x0000000082c00000|  0%| F|  |TAMS 0x0000000082b00000, 0x0000000082b00000| Untracked 
|  16|0x0000000082c00000, 0x0000000082c00000, 0x0000000082d00000|  0%| F|  |TAMS 0x0000000082c00000, 0x0000000082c00000| Untracked 
|  17|0x0000000082d00000, 0x0000000082d00000, 0x0000000082e00000|  0%| F|  |TAMS 0x0000000082d00000, 0x0000000082d00000| Untracked 
|  18|0x0000000082e00000, 0x0000000082e00000, 0x0000000082f00000|  0%| F|  |TAMS 0x0000000082e00000, 0x0000000082e00000| Untracked 
|  19|0x0000000082f00000, 0x0000000082f00000, 0x0000000083000000|  0%| F|  |TAMS 0x0000000082f00000, 0x0000000082f00000| Untracked 
|  20|0x0000000083000000, 0x0000000083000000, 0x0000000083100000|  0%| F|  |TAMS 0x0000000083000000, 0x0000000083000000| Untracked 
|  21|0x0000000083100000, 0x0000000083100000, 0x0000000083200000|  0%| F|  |TAMS 0x0000000083100000, 0x0000000083100000| Untracked 
|  22|0x0000000083200000, 0x0000000083200000, 0x0000000083300000|  0%| F|  |TAMS 0x0000000083200000, 0x0000000083200000| Untracked 
|  23|0x0000000083300000, 0x0000000083300000, 0x0000000083400000|  0%| F|  |TAMS 0x0000000083300000, 0x0000000083300000| Untracked 
|  24|0x0000000083400000, 0x0000000083400000, 0x0000000083500000|  0%| F|  |TAMS 0x0000000083400000, 0x0000000083400000| Untracked 
|  25|0x0000000083500000, 0x0000000083500000, 0x0000000083600000|  0%| F|  |TAMS 0x0000000083500000, 0x0000000083500000| Untracked 
|  26|0x0000000083600000, 0x0000000083600000, 0x0000000083700000|  0%| F|  |TAMS 0x0000000083600000, 0x0000000083600000| Untracked 
|  27|0x0000000083700000, 0x0000000083700000, 0x0000000083800000|  0%| F|  |TAMS 0x0000000083700000, 0x0000000083700000| Untracked 
|  28|0x0000000083800000, 0x0000000083800000, 0x0000000083900000|  0%| F|  |TAMS 0x0000000083800000, 0x0000000083800000| Untracked 
|  29|0x0000000083900000, 0x0000000083900000, 0x0000000083a00000|  0%| F|  |TAMS 0x0000000083900000, 0x0000000083900000| Untracked 
|  30|0x0000000083a00000, 0x0000000083a00000, 0x0000000083b00000|  0%| F|  |TAMS 0x0000000083a00000, 0x0000000083a00000| Untracked 
|  31|0x0000000083b00000, 0x0000000083b00000, 0x0000000083c00000|  0%| F|  |TAMS 0x0000000083b00000, 0x0000000083b00000| Untracked 
|  32|0x0000000083c00000, 0x0000000083c00000, 0x0000000083d00000|  0%| F|  |TAMS 0x0000000083c00000, 0x0000000083c00000| Untracked 
|  33|0x0000000083d00000, 0x0000000083d00000, 0x0000000083e00000|  0%| F|  |TAMS 0x0000000083d00000, 0x0000000083d00000| Untracked 
|  34|0x0000000083e00000, 0x0000000083e00000, 0x0000000083f00000|  0%| F|  |TAMS 0x0000000083e00000, 0x0000000083e00000| Untracked 
|  35|0x0000000083f00000, 0x0000000083f00000, 0x0000000084000000|  0%| F|  |TAMS 0x0000000083f00000, 0x0000000083f00000| Untracked 
|  36|0x0000000084000000, 0x0000000084000000, 0x0000000084100000|  0%| F|  |TAMS 0x0000000084000000, 0x0000000084000000| Untracked 
|  37|0x0000000084100000, 0x0000000084100000, 0x0000000084200000|  0%| F|  |TAMS 0x0000000084100000, 0x0000000084100000| Untracked 
|  38|0x0000000084200000, 0x0000000084200000, 0x0000000084300000|  0%| F|  |TAMS 0x0000000084200000, 0x0000000084200000| Untracked 
|  39|0x0000000084300000, 0x0000000084300000, 0x0000000084400000|  0%| F|  |TAMS 0x0000000084300000, 0x0000000084300000| Untracked 
|  40|0x0000000084400000, 0x0000000084400000, 0x0000000084500000|  0%| F|  |TAMS 0x0000000084400000, 0x0000000084400000| Untracked 
|  41|0x0000000084500000, 0x0000000084500000, 0x0000000084600000|  0%| F|  |TAMS 0x0000000084500000, 0x0000000084500000| Untracked 
|  42|0x0000000084600000, 0x0000000084600000, 0x0000000084700000|  0%| F|  |TAMS 0x0000000084600000, 0x0000000084600000| Untracked 
|  43|0x0000000084700000, 0x0000000084700000, 0x0000000084800000|  0%| F|  |TAMS 0x0000000084700000, 0x0000000084700000| Untracked 
|  44|0x0000000084800000, 0x0000000084800000, 0x0000000084900000|  0%| F|  |TAMS 0x0000000084800000, 0x0000000084800000| Untracked 
|  45|0x0000000084900000, 0x0000000084900000, 0x0000000084a00000|  0%| F|  |TAMS 0x0000000084900000, 0x0000000084900000| Untracked 
|  46|0x0000000084a00000, 0x0000000084a00000, 0x0000000084b00000|  0%| F|  |TAMS 0x0000000084a00000, 0x0000000084a00000| Untracked 
|  47|0x0000000084b00000, 0x0000000084b00000, 0x0000000084c00000|  0%| F|  |TAMS 0x0000000084b00000, 0x0000000084b00000| Untracked 
|  48|0x0000000084c00000, 0x0000000084c00000, 0x0000000084d00000|  0%| F|  |TAMS 0x0000000084c00000, 0x0000000084c00000| Untracked 
|  49|0x0000000084d00000, 0x0000000084d00000, 0x0000000084e00000|  0%| F|  |TAMS 0x0000000084d00000, 0x0000000084d00000| Untracked 
|  50|0x0000000084e00000, 0x0000000084e00000, 0x0000000084f00000|  0%| F|  |TAMS 0x0000000084e00000, 0x0000000084e00000| Untracked 
|  51|0x0000000084f00000, 0x0000000084f00000, 0x0000000085000000|  0%| F|  |TAMS 0x0000000084f00000, 0x0000000084f00000| Untracked 
|  52|0x0000000085000000, 0x0000000085000000, 0x0000000085100000|  0%| F|  |TAMS 0x0000000085000000, 0x0000000085000000| Untracked 
|  53|0x0000000085100000, 0x0000000085100000, 0x0000000085200000|  0%| F|  |TAMS 0x0000000085100000, 0x0000000085100000| Untracked 
|  54|0x0000000085200000, 0x0000000085200000, 0x0000000085300000|  0%| F|  |TAMS 0x0000000085200000, 0x0000000085200000| Untracked 
|  55|0x0000000085300000, 0x0000000085300000, 0x0000000085400000|  0%| F|  |TAMS 0x0000000085300000, 0x0000000085300000| Untracked 
|  56|0x0000000085400000, 0x0000000085400000, 0x0000000085500000|  0%| F|  |TAMS 0x0000000085400000, 0x0000000085400000| Untracked 
|  57|0x0000000085500000, 0x0000000085500000, 0x0000000085600000|  0%| F|  |TAMS 0x0000000085500000, 0x0000000085500000| Untracked 
|  58|0x0000000085600000, 0x0000000085600000, 0x0000000085700000|  0%| F|  |TAMS 0x0000000085600000, 0x0000000085600000| Untracked 
|  59|0x0000000085700000, 0x0000000085700000, 0x0000000085800000|  0%| F|  |TAMS 0x0000000085700000, 0x0000000085700000| Untracked 
|  60|0x0000000085800000, 0x0000000085800000, 0x0000000085900000|  0%| F|  |TAMS 0x0000000085800000, 0x0000000085800000| Untracked 
|  61|0x0000000085900000, 0x0000000085900000, 0x0000000085a00000|  0%| F|  |TAMS 0x0000000085900000, 0x0000000085900000| Untracked 
|  62|0x0000000085a00000, 0x0000000085a00000, 0x0000000085b00000|  0%| F|  |TAMS 0x0000000085a00000, 0x0000000085a00000| Untracked 
|  63|0x0000000085b00000, 0x0000000085b00000, 0x0000000085c00000|  0%| F|  |TAMS 0x0000000085b00000, 0x0000000085b00000| Untracked 
|  64|0x0000000085c00000, 0x0000000085c00000, 0x0000000085d00000|  0%| F|  |TAMS 0x0000000085c00000, 0x0000000085c00000| Untracked 
|  65|0x0000000085d00000, 0x0000000085d00000, 0x0000000085e00000|  0%| F|  |TAMS 0x0000000085d00000, 0x0000000085d00000| Untracked 
|  66|0x0000000085e00000, 0x0000000085e00000, 0x0000000085f00000|  0%| F|  |TAMS 0x0000000085e00000, 0x0000000085e00000| Untracked 
|  67|0x0000000085f00000, 0x0000000085f00000, 0x0000000086000000|  0%| F|  |TAMS 0x0000000085f00000, 0x0000000085f00000| Untracked 
|  68|0x0000000086000000, 0x0000000086000000, 0x0000000086100000|  0%| F|  |TAMS 0x0000000086000000, 0x0000000086000000| Untracked 
|  69|0x0000000086100000, 0x0000000086100000, 0x0000000086200000|  0%| F|  |TAMS 0x0000000086100000, 0x0000000086100000| Untracked 
|  70|0x0000000086200000, 0x0000000086200000, 0x0000000086300000|  0%| F|  |TAMS 0x0000000086200000, 0x0000000086200000| Untracked 
|  71|0x0000000086300000, 0x0000000086300000, 0x0000000086400000|  0%| F|  |TAMS 0x0000000086300000, 0x0000000086300000| Untracked 
|  72|0x0000000086400000, 0x0000000086400000, 0x0000000086500000|  0%| F|  |TAMS 0x0000000086400000, 0x0000000086400000| Untracked 
|  73|0x0000000086500000, 0x0000000086500000, 0x0000000086600000|  0%| F|  |TAMS 0x0000000086500000, 0x0000000086500000| Untracked 
|  74|0x0000000086600000, 0x0000000086600000, 0x0000000086700000|  0%| F|  |TAMS 0x0000000086600000, 0x0000000086600000| Untracked 
|  75|0x0000000086700000, 0x0000000086700000, 0x0000000086800000|  0%| F|  |TAMS 0x0000000086700000, 0x0000000086700000| Untracked 
|  76|0x0000000086800000, 0x0000000086800000, 0x0000000086900000|  0%| F|  |TAMS 0x0000000086800000, 0x0000000086800000| Untracked 
|  77|0x0000000086900000, 0x0000000086900000, 0x0000000086a00000|  0%| F|  |TAMS 0x0000000086900000, 0x0000000086900000| Untracked 
|  78|0x0000000086a00000, 0x0000000086a00000, 0x0000000086b00000|  0%| F|  |TAMS 0x0000000086a00000, 0x0000000086a00000| Untracked 
|  79|0x0000000086b00000, 0x0000000086b00000, 0x0000000086c00000|  0%| F|  |TAMS 0x0000000086b00000, 0x0000000086b00000| Untracked 
|  80|0x0000000086c00000, 0x0000000086c00000, 0x0000000086d00000|  0%| F|  |TAMS 0x0000000086c00000, 0x0000000086c00000| Untracked 
|  81|0x0000000086d00000, 0x0000000086d00000, 0x0000000086e00000|  0%| F|  |TAMS 0x0000000086d00000, 0x0000000086d00000| Untracked 
|  82|0x0000000086e00000, 0x0000000086e00000, 0x0000000086f00000|  0%| F|  |TAMS 0x0000000086e00000, 0x0000000086e00000| Untracked 
|  83|0x0000000086f00000, 0x0000000086f00000, 0x0000000087000000|  0%| F|  |TAMS 0x0000000086f00000, 0x0000000086f00000| Untracked 
|  84|0x0000000087000000, 0x0000000087000000, 0x0000000087100000|  0%| F|  |TAMS 0x0000000087000000, 0x0000000087000000| Untracked 
|  85|0x0000000087100000, 0x0000000087100000, 0x0000000087200000|  0%| F|  |TAMS 0x0000000087100000, 0x0000000087100000| Untracked 
|  86|0x0000000087200000, 0x0000000087200000, 0x0000000087300000|  0%| F|  |TAMS 0x0000000087200000, 0x0000000087200000| Untracked 
|  87|0x0000000087300000, 0x0000000087300000, 0x0000000087400000|  0%| F|  |TAMS 0x0000000087300000, 0x0000000087300000| Untracked 
|  88|0x0000000087400000, 0x0000000087400000, 0x0000000087500000|  0%| F|  |TAMS 0x0000000087400000, 0x0000000087400000| Untracked 
|  89|0x0000000087500000, 0x0000000087500000, 0x0000000087600000|  0%| F|  |TAMS 0x0000000087500000, 0x0000000087500000| Untracked 
|  90|0x0000000087600000, 0x0000000087600000, 0x0000000087700000|  0%| F|  |TAMS 0x0000000087600000, 0x0000000087600000| Untracked 
|  91|0x0000000087700000, 0x0000000087700000, 0x0000000087800000|  0%| F|  |TAMS 0x0000000087700000, 0x0000000087700000| Untracked 
|  92|0x0000000087800000, 0x0000000087800000, 0x0000000087900000|  0%| F|  |TAMS 0x0000000087800000, 0x0000000087800000| Untracked 
|  93|0x0000000087900000, 0x0000000087900000, 0x0000000087a00000|  0%| F|  |TAMS 0x0000000087900000, 0x0000000087900000| Untracked 
|  94|0x0000000087a00000, 0x0000000087a00000, 0x0000000087b00000|  0%| F|  |TAMS 0x0000000087a00000, 0x0000000087a00000| Untracked 
|  95|0x0000000087b00000, 0x0000000087b00000, 0x0000000087c00000|  0%| F|  |TAMS 0x0000000087b00000, 0x0000000087b00000| Untracked 
|  96|0x0000000087c00000, 0x0000000087c00000, 0x0000000087d00000|  0%| F|  |TAMS 0x0000000087c00000, 0x0000000087c00000| Untracked 
|  97|0x0000000087d00000, 0x0000000087d00000, 0x0000000087e00000|  0%| F|  |TAMS 0x0000000087d00000, 0x0000000087d00000| Untracked 
|  98|0x0000000087e00000, 0x0000000087e00000, 0x0000000087f00000|  0%| F|  |TAMS 0x0000000087e00000, 0x0000000087e00000| Untracked 
|  99|0x0000000087f00000, 0x0000000087f00000, 0x0000000088000000|  0%| F|  |TAMS 0x0000000087f00000, 0x0000000087f00000| Untracked 
| 100|0x0000000088000000, 0x0000000088000000, 0x0000000088100000|  0%| F|  |TAMS 0x0000000088000000, 0x0000000088000000| Untracked 
| 101|0x0000000088100000, 0x0000000088100000, 0x0000000088200000|  0%| F|  |TAMS 0x0000000088100000, 0x0000000088100000| Untracked 
| 102|0x0000000088200000, 0x0000000088200000, 0x0000000088300000|  0%| F|  |TAMS 0x0000000088200000, 0x0000000088200000| Untracked 
| 103|0x0000000088300000, 0x0000000088300000, 0x0000000088400000|  0%| F|  |TAMS 0x0000000088300000, 0x0000000088300000| Untracked 
| 104|0x0000000088400000, 0x0000000088400000, 0x0000000088500000|  0%| F|  |TAMS 0x0000000088400000, 0x0000000088400000| Untracked 
| 105|0x0000000088500000, 0x0000000088500000, 0x0000000088600000|  0%| F|  |TAMS 0x0000000088500000, 0x0000000088500000| Untracked 
| 106|0x0000000088600000, 0x0000000088600000, 0x0000000088700000|  0%| F|  |TAMS 0x0000000088600000, 0x0000000088600000| Untracked 
| 107|0x0000000088700000, 0x0000000088700000, 0x0000000088800000|  0%| F|  |TAMS 0x0000000088700000, 0x0000000088700000| Untracked 
| 108|0x0000000088800000, 0x0000000088800000, 0x0000000088900000|  0%| F|  |TAMS 0x0000000088800000, 0x0000000088800000| Untracked 
| 109|0x0000000088900000, 0x0000000088900000, 0x0000000088a00000|  0%| F|  |TAMS 0x0000000088900000, 0x0000000088900000| Untracked 
| 110|0x0000000088a00000, 0x0000000088a00000, 0x0000000088b00000|  0%| F|  |TAMS 0x0000000088a00000, 0x0000000088a00000| Untracked 
| 111|0x0000000088b00000, 0x0000000088b00000, 0x0000000088c00000|  0%| F|  |TAMS 0x0000000088b00000, 0x0000000088b00000| Untracked 
| 112|0x0000000088c00000, 0x0000000088c00000, 0x0000000088d00000|  0%| F|  |TAMS 0x0000000088c00000, 0x0000000088c00000| Untracked 
| 113|0x0000000088d00000, 0x0000000088d00000, 0x0000000088e00000|  0%| F|  |TAMS 0x0000000088d00000, 0x0000000088d00000| Untracked 
| 114|0x0000000088e00000, 0x0000000088e00000, 0x0000000088f00000|  0%| F|  |TAMS 0x0000000088e00000, 0x0000000088e00000| Untracked 
| 115|0x0000000088f00000, 0x0000000088f00000, 0x0000000089000000|  0%| F|  |TAMS 0x0000000088f00000, 0x0000000088f00000| Untracked 
| 116|0x0000000089000000, 0x0000000089100000, 0x0000000089100000|100%| E|  |TAMS 0x0000000089000000, 0x0000000089000000| Complete 
| 117|0x0000000089100000, 0x0000000089200000, 0x0000000089200000|100%| E|CS|TAMS 0x0000000089100000, 0x0000000089100000| Complete 
| 118|0x0000000089200000, 0x0000000089300000, 0x0000000089300000|100%| E|CS|TAMS 0x0000000089200000, 0x0000000089200000| Complete 
| 119|0x0000000089300000, 0x0000000089400000, 0x0000000089400000|100%| E|CS|TAMS 0x0000000089300000, 0x0000000089300000| Complete 
| 120|0x0000000089400000, 0x0000000089500000, 0x0000000089500000|100%| E|  |TAMS 0x0000000089400000, 0x0000000089400000| Complete 
| 121|0x0000000089500000, 0x0000000089600000, 0x0000000089600000|100%| E|CS|TAMS 0x0000000089500000, 0x0000000089500000| Complete 
| 122|0x0000000089600000, 0x0000000089700000, 0x0000000089700000|100%| E|CS|TAMS 0x0000000089600000, 0x0000000089600000| Complete 
| 123|0x0000000089700000, 0x0000000089800000, 0x0000000089800000|100%| E|CS|TAMS 0x0000000089700000, 0x0000000089700000| Complete 
| 124|0x0000000089800000, 0x0000000089900000, 0x0000000089900000|100%| E|CS|TAMS 0x0000000089800000, 0x0000000089800000| Complete 
| 125|0x0000000089900000, 0x0000000089a00000, 0x0000000089a00000|100%| E|CS|TAMS 0x0000000089900000, 0x0000000089900000| Complete 
| 126|0x0000000089a00000, 0x0000000089b00000, 0x0000000089b00000|100%| E|CS|TAMS 0x0000000089a00000, 0x0000000089a00000| Complete 
| 127|0x0000000089b00000, 0x0000000089c00000, 0x0000000089c00000|100%| E|CS|TAMS 0x0000000089b00000, 0x0000000089b00000| Complete 

Card table byte_map: [0x0000023fe34c0000,0x0000023fe38c0000] _byte_map_base: 0x0000023fe30b2000

Marking Bits (Prev, Next): (CMBitMap*) 0x0000023fceb7a480, (CMBitMap*) 0x0000023fceb7a4c0
 Prev Bits: [0x0000023fe3cc0000, 0x0000023fe5c50000)
 Next Bits: [0x0000023fe5c50000, 0x0000023fe7be0000)

Polling page: 0x0000023fcebf0000

Metaspace:

Usage:
  Non-class:     14.07 MB used.
      Class:      1.65 MB used.
       Both:     15.72 MB used.

Virtual space:
  Non-class space:       64.00 MB reserved,      14.12 MB ( 22%) committed,  1 nodes.
      Class space:        1.00 GB reserved,       1.75 MB ( <1%) committed,  1 nodes.
             Both:        1.06 GB reserved,      15.88 MB (  1%) committed. 

Chunk freelists:
   Non-Class:  1008.00 KB
       Class:  14.23 MB
        Both:  15.22 MB

MaxMetaspaceSize: unlimited
CompressedClassSpaceSize: 1.00 GB
Initial GC threshold: 21.00 MB
Current GC threshold: 21.00 MB
CDS: off
MetaspaceReclaimPolicy: balanced
 - commit_granule_bytes: 65536.
 - commit_granule_words: 8192.
 - virtual_space_node_default_size: 8388608.
 - enlarge_chunks_in_place: 1.
 - new_chunks_are_fully_committed: 0.
 - uncommit_free_chunks: 1.
 - use_allocation_guard: 0.
 - handle_deallocations: 1.


Internal statistics:

num_allocs_failed_limit: 0.
num_arena_births: 124.
num_arena_deaths: 0.
num_vsnodes_births: 2.
num_vsnodes_deaths: 0.
num_space_committed: 254.
num_space_uncommitted: 0.
num_chunks_returned_to_freelist: 0.
num_chunks_taken_from_freelist: 259.
num_chunk_merges: 0.
num_chunk_splits: 150.
num_chunks_enlarged: 91.
num_inconsistent_stats: 0.

CodeHeap 'non-profiled nmethods': size=120000Kb used=285Kb max_used=285Kb free=119714Kb
 bounds [0x0000023fdb570000, 0x0000023fdb7e0000, 0x0000023fe2aa0000]
CodeHeap 'profiled nmethods': size=120000Kb used=1482Kb max_used=1482Kb free=118517Kb
 bounds [0x0000023fd3aa0000, 0x0000023fd3d10000, 0x0000023fdafd0000]
CodeHeap 'non-nmethods': size=5760Kb used=1188Kb max_used=1212Kb free=4572Kb
 bounds [0x0000023fdafd0000, 0x0000023fdb240000, 0x0000023fdb570000]
 total_blobs=1437 nmethods=954 adapters=396
 compilation: enabled
              stopped_count=0, restarted_count=0
 full_count=0

Compilation events (20 events):
Event: 4.218 Thread 0x0000023fea3a9d10 nmethod 943 0x0000023fd3c0ed10 code [0x0000023fd3c0eec0, 0x0000023fd3c0f338]
Event: 4.218 Thread 0x0000023fea3a9d10  945       3       java.security.Provider::ensureLegacyParsed (123 bytes)
Event: 4.219 Thread 0x0000023fea3a9d10 nmethod 945 0x0000023fd3c0f590 code [0x0000023fd3c0f820, 0x0000023fd3c10568]
Event: 4.219 Thread 0x0000023fea3a9270 nmethod 940 0x0000023fdb5b6090 code [0x0000023fdb5b6220, 0x0000023fdb5b6358]
Event: 4.219 Thread 0x0000023fea3a9270  944       4       sun.security.util.math.intpoly.IntegerPolynomial$MutableElement::setProduct (6 bytes)
Event: 4.221 Thread 0x0000023fea3a9270 nmethod 944 0x0000023fdb5b6490 code [0x0000023fdb5b6640, 0x0000023fdb5b6798]
Event: 4.222 Thread 0x0000023fea3a9d10  946       3       java.security.MessageDigest$Delegate::engineUpdate (11 bytes)
Event: 4.222 Thread 0x0000023fea3a9d10 nmethod 946 0x0000023fd3c10890 code [0x0000023fd3c10a40, 0x0000023fd3c10c08]
Event: 4.223 Thread 0x0000023fea3a9d10  947       3       sun.security.provider.SHA2::implCompress0 (490 bytes)
Event: 4.224 Thread 0x0000023fea3a9d10 nmethod 947 0x0000023fd3c10d10 code [0x0000023fd3c10f00, 0x0000023fd3c117a8]
Event: 4.226 Thread 0x0000023fea3a9d10  948       3       jdk.internal.reflect.ClassFileAssembler::emitByte (11 bytes)
Event: 4.226 Thread 0x0000023fea3a9d10 nmethod 948 0x0000023fd3c11c90 code [0x0000023fd3c11e40, 0x0000023fd3c11fc8]
Event: 4.226 Thread 0x0000023fea3a9d10  949       3       jdk.internal.reflect.ByteVectorImpl::add (38 bytes)
Event: 4.226 Thread 0x0000023fea3a9d10 nmethod 949 0x0000023fd3c12110 code [0x0000023fd3c122c0, 0x0000023fd3c12488]
Event: 4.227 Thread 0x0000023fea3a9d10  950       3       java.security.MessageDigest::update (14 bytes)
Event: 4.227 Thread 0x0000023fea3a9d10 nmethod 950 0x0000023fd3c12590 code [0x0000023fd3c12740, 0x0000023fd3c12a08]
Event: 4.229 Thread 0x0000023fea3a9d10  951       1       java.util.concurrent.locks.AbstractOwnableSynchronizer::setExclusiveOwnerThread (6 bytes)
Event: 4.229 Thread 0x0000023fea3a9d10 nmethod 951 0x0000023fdb5b6910 code [0x0000023fdb5b6aa0, 0x0000023fdb5b6bb8]
Event: 4.232 Thread 0x0000023fea3a9d10  954       1       jdk.internal.net.http.common.DebugLogger::on (5 bytes)
Event: 4.232 Thread 0x0000023fea3a9d10 nmethod 954 0x0000023fdb5b7210 code [0x0000023fdb5b73a0, 0x0000023fdb5b7478]

GC Heap History (0 events):
No events

Dll operation events (1 events):
Event: 0.209 Loaded shared library C:\Program Files\JetBrains\IntelliJ IDEA Community Edition 2023.1.3\jbr\bin\java.dll

Deoptimization events (14 events):
Event: 1.862 Thread 0x0000023fce9ae000 Uncommon trap: trap_request=0xffffff45 fr.pc=0x0000023fdb58a6e0 relative=0x00000000000001e0
Event: 1.862 Thread 0x0000023fce9ae000 Uncommon trap: reason=unstable_if action=reinterpret pc=0x0000023fdb58a6e0 method=java.util.HashMap.putVal(ILjava/lang/Object;Ljava/lang/Object;ZZ)Ljava/lang/Object; @ 162 c2
Event: 1.862 Thread 0x0000023fce9ae000 DEOPT PACKING pc=0x0000023fdb58a6e0 sp=0x000000d808cfbab0
Event: 1.862 Thread 0x0000023fce9ae000 DEOPT UNPACKING pc=0x0000023fdb0269a3 sp=0x000000d808cfb9e8 mode 2
Event: 2.089 Thread 0x0000023fce9ae000 DEOPT PACKING pc=0x0000023fd3ad5d2d sp=0x000000d808cfc040
Event: 2.090 Thread 0x0000023fce9ae000 DEOPT UNPACKING pc=0x0000023fdb027143 sp=0x000000d808cfb4d8 mode 0
Event: 2.090 Thread 0x0000023fce9ae000 DEOPT PACKING pc=0x0000023fd3ad5d2d sp=0x000000d808cfc040
Event: 2.090 Thread 0x0000023fce9ae000 DEOPT UNPACKING pc=0x0000023fdb027143 sp=0x000000d808cfb4d8 mode 0
Event: 2.446 Thread 0x0000023fce9ae000 Uncommon trap: trap_request=0xffffff45 fr.pc=0x0000023fdb587ee4 relative=0x00000000000003c4
Event: 2.446 Thread 0x0000023fce9ae000 Uncommon trap: reason=unstable_if action=reinterpret pc=0x0000023fdb587ee4 method=java.lang.StringLatin1.newString([BII)Ljava/lang/String; @ 1 c2
Event: 2.446 Thread 0x0000023fce9ae000 DEOPT PACKING pc=0x0000023fdb587ee4 sp=0x000000d808cfe700
Event: 2.446 Thread 0x0000023fce9ae000 DEOPT UNPACKING pc=0x0000023fdb0269a3 sp=0x000000d808cfe6c8 mode 2
Event: 2.452 Thread 0x0000023fce9ae000 DEOPT PACKING pc=0x0000023fd3ab6867 sp=0x000000d808cfe5f0
Event: 2.452 Thread 0x0000023fce9ae000 DEOPT UNPACKING pc=0x0000023fdb027143 sp=0x000000d808cfda10 mode 0

Classes unloaded (0 events):
No events

Classes redefined (0 events):
No events

Internal exceptions (20 events):
Event: 1.326 Thread 0x0000023fce9ae000 Exception <a 'java/lang/NoSuchMethodError'{0x00000000899bd1f0}: 'int java.lang.invoke.DirectMethodHandle$Holder.invokeStaticInit(java.lang.Object, java.lang.Object)'> (0x00000000899bd1f0) 
thrown [s\src\hotspot\share\interpreter\linkResolver.cpp, line 771]
Event: 1.397 Thread 0x0000023fce9ae000 Exception <a 'java/lang/NoSuchMethodError'{0x00000000898a5240}: 'java.lang.Object java.lang.invoke.DirectMethodHandle$Holder.invokeStaticInit(java.lang.Object, int, int, int, int)'> (0x00000000898a5240) 
thrown [s\src\hotspot\share\interpreter\linkResolver.cpp, line 771]
Event: 1.663 Thread 0x0000023fce9ae000 Exception <a 'java/lang/NoSuchMethodError'{0x00000000898cf158}: 'java.lang.Object java.lang.invoke.DirectMethodHandle$Holder.invokeStaticInit(java.lang.Object, java.lang.Object, int, int, int, int)'> (0x00000000898cf158) 
thrown [s\src\hotspot\share\interpreter\linkResolver.cpp, line 771]
Event: 1.714 Thread 0x0000023fce9ae000 Exception <a 'java/lang/NoSuchMethodError'{0x00000000897381d0}: 'java.lang.Object java.lang.invoke.DirectMethodHandle$Holder.invokeStatic(java.lang.Object, java.lang.Object, int)'> (0x00000000897381d0) 
thrown [s\src\hotspot\share\interpreter\linkResolver.cpp, line 771]
Event: 1.715 Thread 0x0000023fce9ae000 Exception <a 'java/lang/NoSuchMethodError'{0x000000008973b948}: 'java.lang.Object java.lang.invoke.DirectMethodHandle$Holder.invokeStaticInit(java.lang.Object, java.lang.Object, int)'> (0x000000008973b948) 
thrown [s\src\hotspot\share\interpreter\linkResolver.cpp, line 771]
Event: 1.717 Thread 0x0000023fce9ae000 Exception <a 'java/lang/NoSuchMethodError'{0x0000000089741cf8}: 'java.lang.Object java.lang.invoke.DirectMethodHandle$Holder.newInvokeSpecial(java.lang.Object, java.lang.Object, int)'> (0x0000000089741cf8) 
thrown [s\src\hotspot\share\interpreter\linkResolver.cpp, line 771]
Event: 1.730 Thread 0x0000023fce9ae000 Exception <a 'java/lang/NoSuchMethodError'{0x00000000897518b8}: 'int java.lang.invoke.DirectMethodHandle$Holder.invokeStaticInit(java.lang.Object, java.lang.Object, java.lang.Object)'> (0x00000000897518b8) 
thrown [s\src\hotspot\share\interpreter\linkResolver.cpp, line 771]
Event: 1.736 Thread 0x0000023fce9ae000 Exception <a 'java/lang/NoSuchMethodError'{0x0000000089761a98}: 'int java.lang.invoke.DirectMethodHandle$Holder.invokeSpecial(java.lang.Object, java.lang.Object, java.lang.Object)'> (0x0000000089761a98) 
thrown [s\src\hotspot\share\interpreter\linkResolver.cpp, line 771]
Event: 1.738 Thread 0x0000023fce9ae000 Exception <a 'java/lang/NoSuchMethodError'{0x0000000089769e78}: 'int java.lang.invoke.DirectMethodHandle$Holder.invokeSpecialIFC(java.lang.Object, java.lang.Object, java.lang.Object)'> (0x0000000089769e78) 
thrown [s\src\hotspot\share\interpreter\linkResolver.cpp, line 771]
Event: 1.805 Thread 0x0000023fce9ae000 Exception <a 'java/lang/NoSuchMethodError'{0x00000000897f63f0}: 'java.lang.Object java.lang.invoke.DirectMethodHandle$Holder.invokeStaticInit(java.lang.Object)'> (0x00000000897f63f0) 
thrown [s\src\hotspot\share\interpreter\linkResolver.cpp, line 771]
Event: 2.467 Thread 0x0000023fce9ae000 Exception <a 'java/lang/NoSuchMethodError'{0x00000000895fc918}: 'java.lang.Object java.lang.invoke.DirectMethodHandle$Holder.newInvokeSpecial(java.lang.Object, java.lang.Object, java.lang.Object, java.lang.Object, java.lang.Object)'> (0x00000000895fc918) 
thrown [s\src\hotspot\share\interpreter\linkResolver.cpp, line 771]
Event: 2.555 Thread 0x0000023fce9ae000 Exception <a 'java/lang/NoSuchMethodError'{0x00000000893884a8}: 'java.lang.Object java.lang.invoke.DirectMethodHandle$Holder.invokeSpecial(java.lang.Object, java.lang.Object, java.lang.Object, java.lang.Object, int)'> (0x00000000893884a8) 
thrown [s\src\hotspot\share\interpreter\linkResolver.cpp, line 771]
Event: 2.555 Thread 0x0000023fce9ae000 Exception <a 'java/lang/NoSuchMethodError'{0x000000008938c070}: 'java.lang.Object java.lang.invoke.Invokers$Holder.linkToTargetMethod(java.lang.Object, java.lang.Object, int, java.lang.Object)'> (0x000000008938c070) 
thrown [s\src\hotspot\share\interpreter\linkResolver.cpp, line 771]
Event: 2.568 Thread 0x0000023fce9ae000 Exception <a 'java/lang/NoSuchMethodError'{0x00000000893ec018}: 'void java.lang.invoke.DirectMethodHandle$Holder.invokeSpecial(java.lang.Object, java.lang.Object, java.lang.Object)'> (0x00000000893ec018) 
thrown [s\src\hotspot\share\interpreter\linkResolver.cpp, line 771]
Event: 2.593 Thread 0x0000023fea83ebe0 Exception <a 'java/lang/NoSuchMethodError'{0x00000000895a97d0}: 'void java.lang.invoke.DirectMethodHandle$Holder.invokeStatic(java.lang.Object, java.lang.Object, int)'> (0x00000000895a97d0) 
thrown [s\src\hotspot\share\interpreter\linkResolver.cpp, line 771]
Event: 2.596 Thread 0x0000023fce9ae000 Exception <a 'java/lang/NoSuchMethodError'{0x0000000089272d40}: 'void java.lang.invoke.DirectMethodHandle$Holder.invokeSpecial(java.lang.Object, java.lang.Object, java.lang.Object, java.lang.Object, java.lang.Object)'> (0x0000000089272d40) 
thrown [s\src\hotspot\share\interpreter\linkResolver.cpp, line 771]
Event: 2.611 Thread 0x0000023fea958ea0 Exception <a 'java/lang/NoSuchMethodError'{0x00000000892f1f80}: 'void java.lang.invoke.DirectMethodHandle$Holder.invokeInterface(java.lang.Object, java.lang.Object, java.lang.Object)'> (0x00000000892f1f80) 
thrown [s\src\hotspot\share\interpreter\linkResolver.cpp, line 771]
Event: 2.616 Thread 0x0000023fea958ea0 Exception <a 'java/lang/NoSuchMethodError'{0x000000008914c378}: 'int java.lang.invoke.DirectMethodHandle$Holder.invokeStaticInit(java.lang.Object, int, int)'> (0x000000008914c378) 
thrown [s\src\hotspot\share\interpreter\linkResolver.cpp, line 771]
Event: 2.624 Thread 0x0000023fea958ea0 Exception <a 'java/lang/NoSuchMethodError'{0x000000008918efc0}: 'void java.lang.invoke.DirectMethodHandle$Holder.invokeVirtual(java.lang.Object, java.lang.Object)'> (0x000000008918efc0) 
thrown [s\src\hotspot\share\interpreter\linkResolver.cpp, line 771]
Event: 4.209 Thread 0x0000023fea958ea0 Exception <a 'java/lang/NoSuchMethodError'{0x0000000089096ae8}: 'void java.lang.invoke.DirectMethodHandle$Holder.invokeInterface(java.lang.Object, java.lang.Object)'> (0x0000000089096ae8) 
thrown [s\src\hotspot\share\interpreter\linkResolver.cpp, line 771]

VM Operations (12 events):
Event: 1.067 Executing VM operation: HandshakeAllThreads
Event: 1.067 Executing VM operation: HandshakeAllThreads done
Event: 1.094 Executing VM operation: HandshakeAllThreads
Event: 1.094 Executing VM operation: HandshakeAllThreads done
Event: 1.433 Executing VM operation: HandshakeAllThreads
Event: 1.433 Executing VM operation: HandshakeAllThreads done
Event: 1.813 Executing VM operation: HandshakeAllThreads
Event: 1.813 Executing VM operation: HandshakeAllThreads done
Event: 1.813 Executing VM operation: Cleanup
Event: 1.813 Executing VM operation: Cleanup done
Event: 2.822 Executing VM operation: Cleanup
Event: 2.823 Executing VM operation: Cleanup done

Events (20 events):
Event: 4.242 loading class sun/security/x509/DNSName
Event: 4.242 loading class sun/security/x509/DNSName done
Event: 4.242 loading class sun/security/x509/X509AttributeName
Event: 4.242 loading class sun/security/x509/X509AttributeName done
Event: 4.242 loading class sun/security/util/MemoryCache$SoftCacheEntry
Event: 4.242 loading class sun/security/util/MemoryCache$CacheEntry
Event: 4.242 loading class sun/security/util/MemoryCache$CacheEntry done
Event: 4.242 loading class sun/security/util/MemoryCache$SoftCacheEntry done
Event: 4.242 loading class jdk/internal/event/X509CertificateEvent
Event: 4.242 loading class jdk/internal/event/Event
Event: 4.242 loading class jdk/internal/event/Event done
Event: 4.242 loading class jdk/internal/event/X509CertificateEvent done
Event: 4.242 loading class jdk/internal/event/EventHelper
Event: 4.242 loading class jdk/internal/event/EventHelper done
Event: 4.243 loading class sun/security/ssl/X509Authentication$X509Credentials
Event: 4.243 loading class sun/security/ssl/X509Authentication$X509Credentials done
Event: 4.243 loading class sun/security/ssl/CertificateVerify$T13CertificateVerifyMessage
Event: 4.243 loading class sun/security/ssl/CertificateVerify$T13CertificateVerifyMessage done
Event: 4.243 loading class sun/security/util/SignatureUtil
Event: 4.243 loading class sun/security/util/SignatureUtil done


Dynamic libraries:
0x00007ff795a70000 - 0x00007ff795a7a000 	C:\Program Files\JetBrains\IntelliJ IDEA Community Edition 2023.1.3\jbr\bin\java.exe
0x00007ffd79930000 - 0x00007ffd79b26000 	C:\Windows\SYSTEM32\ntdll.dll
0x00007ffd72f00000 - 0x00007ffd72f19000 	C:\Program Files\Avast Software\Avast\aswhook.dll
0x00007ffd78ff0000 - 0x00007ffd790ad000 	C:\Windows\System32\KERNEL32.DLL
0x00007ffd77530000 - 0x00007ffd777f9000 	C:\Windows\System32\KERNELBASE.dll
0x00007ffd771d0000 - 0x00007ffd772d0000 	C:\Windows\System32\ucrtbase.dll
0x00007ffd67a00000 - 0x00007ffd67a17000 	C:\Program Files\JetBrains\IntelliJ IDEA Community Edition 2023.1.3\jbr\bin\jli.dll
0x00007ffd78ca0000 - 0x00007ffd78e40000 	C:\Windows\System32\USER32.dll
0x00007ffd77830000 - 0x00007ffd77852000 	C:\Windows\System32\win32u.dll
0x00007ffd77c90000 - 0x00007ffd77cba000 	C:\Windows\System32\GDI32.dll
0x00007ffd63b10000 - 0x00007ffd63dab000 	C:\Windows\WinSxS\amd64_microsoft.windows.common-controls_6595b64144ccf1df_6.0.19041.488_none_ca04af081b815d21\COMCTL32.dll
0x00007ffd77860000 - 0x00007ffd77969000 	C:\Windows\System32\gdi32full.dll
0x00007ffd782e0000 - 0x00007ffd7837e000 	C:\Windows\System32\msvcrt.dll
0x00007ffd770b0000 - 0x00007ffd7714d000 	C:\Windows\System32\msvcp_win.dll
0x00007ffd62b70000 - 0x00007ffd62b8b000 	C:\Program Files\JetBrains\IntelliJ IDEA Community Edition 2023.1.3\jbr\bin\VCRUNTIME140.dll
0x00007ffd78ea0000 - 0x00007ffd78ed0000 	C:\Windows\System32\IMM32.DLL
0x00007ffd71aa0000 - 0x00007ffd71aac000 	C:\Program Files\JetBrains\IntelliJ IDEA Community Edition 2023.1.3\jbr\bin\vcruntime140_1.dll
0x00007ffd5b930000 - 0x00007ffd5b9bd000 	C:\Program Files\JetBrains\IntelliJ IDEA Community Edition 2023.1.3\jbr\bin\msvcp140.dll
0x00007ffd28e40000 - 0x00007ffd29aae000 	C:\Program Files\JetBrains\IntelliJ IDEA Community Edition 2023.1.3\jbr\bin\server\jvm.dll
0x00007ffd78a00000 - 0x00007ffd78aac000 	C:\Windows\System32\ADVAPI32.dll
0x00007ffd77bf0000 - 0x00007ffd77c8c000 	C:\Windows\System32\sechost.dll
0x00007ffd78440000 - 0x00007ffd7856b000 	C:\Windows\System32\RPCRT4.dll
0x00007ffd5d260000 - 0x00007ffd5d287000 	C:\Windows\SYSTEM32\WINMM.dll
0x00007ffd68b20000 - 0x00007ffd68b29000 	C:\Windows\SYSTEM32\WSOCK32.dll
0x00007ffd78f80000 - 0x00007ffd78feb000 	C:\Windows\System32\WS2_32.dll
0x00007ffd6fd70000 - 0x00007ffd6fd7a000 	C:\Windows\SYSTEM32\VERSION.dll
0x00007ffd75000000 - 0x00007ffd75012000 	C:\Windows\SYSTEM32\kernel.appcore.dll
0x00007ffd702b0000 - 0x00007ffd702ba000 	C:\Program Files\JetBrains\IntelliJ IDEA Community Edition 2023.1.3\jbr\bin\jimage.dll
0x00007ffd6d090000 - 0x00007ffd6d274000 	C:\Windows\SYSTEM32\DBGHELP.DLL
0x00007ffd6d060000 - 0x00007ffd6d08c000 	C:\Windows\SYSTEM32\dbgcore.DLL
0x00007ffd77150000 - 0x00007ffd771d0000 	C:\Windows\System32\bcryptPrimitives.dll
0x00007ffd6aca0000 - 0x00007ffd6acc5000 	C:\Program Files\JetBrains\IntelliJ IDEA Community Edition 2023.1.3\jbr\bin\java.dll
0x00007ffd6c990000 - 0x00007ffd6c9a8000 	C:\Program Files\JetBrains\IntelliJ IDEA Community Edition 2023.1.3\jbr\bin\zip.dll
0x00007ffd791e0000 - 0x00007ffd79922000 	C:\Windows\System32\SHELL32.dll
0x00007ffd75200000 - 0x00007ffd75995000 	C:\Windows\SYSTEM32\windows.storage.dll
0x00007ffd786a0000 - 0x00007ffd789f6000 	C:\Windows\System32\combase.dll
0x00007ffd76ab0000 - 0x00007ffd76adc000 	C:\Windows\SYSTEM32\Wldp.dll
0x00007ffd78ed0000 - 0x00007ffd78f7e000 	C:\Windows\System32\SHCORE.dll
0x00007ffd78380000 - 0x00007ffd783d5000 	C:\Windows\System32\shlwapi.dll
0x00007ffd76fe0000 - 0x00007ffd77006000 	C:\Windows\SYSTEM32\profapi.dll
0x00007ffd6b130000 - 0x00007ffd6b149000 	C:\Program Files\JetBrains\IntelliJ IDEA Community Edition 2023.1.3\jbr\bin\net.dll
0x00007ffd6a380000 - 0x00007ffd6a480000 	C:\Windows\SYSTEM32\WINHTTP.dll
0x00007ffd76830000 - 0x00007ffd7689a000 	C:\Windows\system32\mswsock.dll
0x00007ffd688e0000 - 0x00007ffd688f6000 	C:\Program Files\JetBrains\IntelliJ IDEA Community Edition 2023.1.3\jbr\bin\nio.dll
0x00007ffd76a00000 - 0x00007ffd76a18000 	C:\Windows\SYSTEM32\CRYPTSP.dll
0x00007ffd761c0000 - 0x00007ffd761f4000 	C:\Windows\system32\rsaenh.dll
0x00007ffd77800000 - 0x00007ffd77827000 	C:\Windows\System32\bcrypt.dll
0x00007ffd76fa0000 - 0x00007ffd76fce000 	C:\Windows\SYSTEM32\USERENV.dll
0x00007ffd76a20000 - 0x00007ffd76a2c000 	C:\Windows\SYSTEM32\CRYPTBASE.dll
0x00007ffd76520000 - 0x00007ffd7655b000 	C:\Windows\SYSTEM32\IPHLPAPI.DLL
0x00007ffd77b60000 - 0x00007ffd77b68000 	C:\Windows\System32\NSI.dll
0x00007ffd6ced0000 - 0x00007ffd6cee7000 	C:\Windows\SYSTEM32\dhcpcsvc6.DLL
0x00007ffd6cfa0000 - 0x00007ffd6cfbd000 	C:\Windows\SYSTEM32\dhcpcsvc.DLL
0x00007ffd76560000 - 0x00007ffd7662b000 	C:\Windows\SYSTEM32\DNSAPI.dll
0x00007ffd6b410000 - 0x00007ffd6b41e000 	C:\Program Files\JetBrains\IntelliJ IDEA Community Edition 2023.1.3\jbr\bin\sunmscapi.dll
0x00007ffd772d0000 - 0x00007ffd7742d000 	C:\Windows\System32\CRYPT32.dll
0x00007ffd76b20000 - 0x00007ffd76b47000 	C:\Windows\SYSTEM32\ncrypt.dll
0x00007ffd76ae0000 - 0x00007ffd76b1b000 	C:\Windows\SYSTEM32\NTASN1.dll
0x00007ffd6b3a0000 - 0x00007ffd6b3a7000 	C:\Windows\system32\wshunix.dll

dbghelp: loaded successfully - version: 4.0.5 - missing functions: none
symbol engine: initialized successfully - sym options: 0x614 - pdb path: .;C:\Program Files\JetBrains\IntelliJ IDEA Community Edition 2023.1.3\jbr\bin;C:\Windows\SYSTEM32;C:\Program Files\Avast Software\Avast;C:\Windows\WinSxS\amd64_microsoft.windows.common-controls_6595b64144ccf1df_6.0.19041.488_none_ca04af081b815d21;C:\Program Files\JetBrains\IntelliJ IDEA Community Edition 2023.1.3\jbr\bin\server

VM Arguments:
java_command: git4idea.http.GitAskPassApp Username for 'https://github.com': 
java_class_path (initial): C:/Program Files/JetBrains/IntelliJ IDEA Community Edition 2023.1.3/plugins/vcs-git/lib/git4idea-rt.jar;C:/Program Files/JetBrains/IntelliJ IDEA Community Edition 2023.1.3/lib/externalProcess-rt.jar
Launcher Type: SUN_STANDARD

[Global flags]
     intx CICompilerCount                          = 3                                         {product} {ergonomic}
     uint ConcGCThreads                            = 1                                         {product} {ergonomic}
     uint G1ConcRefinementThreads                  = 4                                         {product} {ergonomic}
   size_t G1HeapRegionSize                         = 1048576                                   {product} {ergonomic}
    uintx GCDrainStackTargetSize                   = 64                                        {product} {ergonomic}
   size_t InitialHeapSize                          = 134217728                                 {product} {ergonomic}
   size_t MarkStackSize                            = 4194304                                   {product} {ergonomic}
   size_t MaxHeapSize                              = 2118123520                                {product} {ergonomic}
   size_t MaxNewSize                               = 1270874112                                {product} {ergonomic}
   size_t MinHeapDeltaBytes                        = 1048576                                   {product} {ergonomic}
   size_t MinHeapSize                              = 8388608                                   {product} {ergonomic}
    uintx NonNMethodCodeHeapSize                   = 5832780                                {pd product} {ergonomic}
    uintx NonProfiledCodeHeapSize                  = 122912730                              {pd product} {ergonomic}
    uintx ProfiledCodeHeapSize                     = 122912730                              {pd product} {ergonomic}
    uintx ReservedCodeCacheSize                    = 251658240                              {pd product} {ergonomic}
     bool SegmentedCodeCache                       = true                                      {product} {ergonomic}
   size_t SoftMaxHeapSize                          = 2118123520                             {manageable} {ergonomic}
     bool UseCompressedClassPointers               = true                           {product lp64_product} {ergonomic}
     bool UseCompressedOops                        = true                           {product lp64_product} {ergonomic}
     bool UseG1GC                                  = true                                      {product} {ergonomic}
     bool UseLargePagesIndividualAllocation        = false                                  {pd product} {ergonomic}

Logging:
Log output configuration:
 #0: stdout all=warning uptime,level,tags
 #1: stderr all=off uptime,level,tags

Environment Variables:
JAVA_HOME=C:\Program Files\Java\jdk-18.0.2.1
PATH=C:/Program Files/Git/mingw64/libexec/git-core;C:/Program Files/Git/mingw64/libexec/git-core;C:\Program Files\Git\mingw64\bin;C:\Program Files\Git\usr\bin;C:\Users\SonyVaio\bin;C:\Program Files\Common Files\Oracle\Java\javapath;C:\Windows\system32;C:\Windows;C:\Windows\System32\Wbem;C:\Windows\System32\WindowsPowerShell\v1.0\;C:\Program Files\dotnet\;C:\Program Files\Java\jdk-18.0.2.1\bin;C:\Program Files\Git\cmd;C:\Users\SonyVaio\AppData\Local\Microsoft\WindowsApps;C:\Users\SonyVaio\AppData\Local\Programs\Microsoft VS Code\bin;C:\Users\SonyVaio\AppData\Local\GitHubDesktop\bin
USERNAME=SonyVaio
DISPLAY=:0.0
LC_ALL=en_US.UTF-8
TERM=xterm-256color
TMPDIR=C:\Users\SonyVaio\AppData\Local\Temp
OS=Windows_NT
PROCESSOR_IDENTIFIER=Intel64 Family 6 Model 58 Stepping 9, GenuineIntel
TMP=C:\Users\SonyVaio\AppData\Local\Temp
TEMP=C:\Users\SonyVaio\AppData\Local\Temp


JNI global refs:
JNI global refs: 18, weak refs: 0

JNI global refs memory usage: 843, weak refs: 841


---------------  S Y S T E M  ---------------

OS:
 Windows 10 , 64 bit Build 19041 (10.0.19041.662)
OS uptime: 6 days 23:46 hours

CPU: total 4 (initial active 4) (2 cores per cpu, 2 threads per core) family 6 model 58 stepping 9 microcode 0x21, cx8, cmov, fxsr, ht, mmx, sse, sse2, sse3, ssse3, sse4.1, sse4.2, popcnt, tsc, tscinvbit, avx, aes, erms, clmul, vzeroupper, clflush

Memory: 4k page, system-wide physical 8074M (1084M free)
TotalPageFile size 8074M (AvailPageFile size 139M)
current process WorkingSet (physical memory assigned to process): 65M, peak: 65M
current process commit charge ("private bytes"): 211M, peak: 212M

vm_info: OpenJDK 64-Bit Server VM (17.0.7+10-b829.16) for windows-amd64 JRE (17.0.7+10-b829.16), built on 2023-06-02 by "builduser" with MS VC++ 16.10 / 16.11 (VS2019)

END.
